0 info it worked if it ends with ok
1 verbose cli [ '/usr/local/bin/node', '/usr/local/bin/npm', 'link' ]
2 info using npm@3.10.8
3 info using node@v6.9.1
4 verbose linkPkg /Users/marianojmiguel/Documents/Development/city-accelerator-website
5 silly gentlyRm /usr/local/lib/node_modules/city-accelerator-website is being purged
6 verbose gentlyRm don't care about contents; nuking /usr/local/lib/node_modules/city-accelerator-website
7 silly vacuum-fs purging /usr/local/lib/node_modules/city-accelerator-website
8 verbose stack Error: EACCES: permission denied, unlink '/usr/local/lib/node_modules/city-accelerator-website'
8 verbose stack     at Error (native)
9 verbose cwd /Users/marianojmiguel/Documents/Development/city-accelerator-website/public/css
10 error Darwin 16.1.0
11 error argv "/usr/local/bin/node" "/usr/local/bin/npm" "link"
12 error node v6.9.1
13 error npm  v3.10.8
14 error path /usr/local/lib/node_modules/city-accelerator-website
15 error code EACCES
16 error errno -13
17 error syscall unlink
18 error Error: EACCES: permission denied, unlink '/usr/local/lib/node_modules/city-accelerator-website'
18 error     at Error (native)
18 error  { Error: EACCES: permission denied, unlink '/usr/local/lib/node_modules/city-accelerator-website'
18 error     at Error (native)
18 error   errno: -13,
18 error   code: 'EACCES',
18 error   syscall: 'unlink',
18 error   path: '/usr/local/lib/node_modules/city-accelerator-website' }
19 error Please try running this command again as root/Administrator.
20 verbose exit [ -13, true ]
